Build started 2/25/2015 12:36:01 PM.
     1>Project "C:\Users\Zhengyi Luo\Documents\Visual Studio 2013\Projects\Chapter6\Chapter6\Chapter6.vcxproj" on node 2 (Build target(s)).
     1>ClCompile:
         C:\Program Files (x86)\Microsoft Visual Studio 12.0\VC\bin\CL.exe /c /ZI /nologo /W3 /WX- /sdl /Od /Oy- /D _MBCS /Gm /EHsc /RTC1 /MDd /GS /fp:precise /Zc:wchar_t /Zc:forScope /Fo"Debug\\" /Fd"Debug\vc120.pdb" /Gd /TP /analyze- /errorReport:prompt P2.cpp
         P2.cpp
     1>c:\users\zhengyi luo\documents\visual studio 2013\projects\chapter6\chapter6\p2.cpp(25): warning C4101: 'position' : unreferenced local variable
     1>c:\users\zhengyi luo\documents\visual studio 2013\projects\chapter6\chapter6\p2.cpp(24): warning C4101: 'x' : unreferenced local variable
     1>c:\users\zhengyi luo\documents\visual studio 2013\projects\chapter6\chapter6\p2.cpp(24): warning C4101: 'i' : unreferenced local variable
     1>c:\users\zhengyi luo\documents\visual studio 2013\projects\chapter6\chapter6\p2.cpp(25): warning C4101: 'num' : unreferenced local variable
     1>c:\users\zhengyi luo\documents\visual studio 2013\projects\chapter6\chapter6\p2.cpp(26): warning C4101: 'q' : unreferenced local variable
     1>c:\users\zhengyi luo\documents\visual studio 2013\projects\chapter6\chapter6\p2.cpp(26): warning C4101: 'head' : unreferenced local variable
     1>c:\users\zhengyi luo\documents\visual studio 2013\projects\chapter6\chapter6\p2.cpp(24): warning C4101: 'insert_number' : unreferenced local variable
     1>c:\users\zhengyi luo\documents\visual studio 2013\projects\chapter6\chapter6\p2.cpp(24): warning C4101: 'number' : unreferenced local variable
       Link:
         C:\Program Files (x86)\Microsoft Visual Studio 12.0\VC\bin\link.exe /ERRORREPORT:PROMPT /OUT:"C:\Users\Zhengyi Luo\Documents\Visual Studio 2013\Projects\Chapter6\Debug\Chapter6.exe" /INCREMENTAL /NOLOGO kernel32.lib user32.lib gdi32.lib winspool.lib comdlg32.lib advapi32.lib shell32.lib ole32.lib oleaut32.lib uuid.lib odbc32.lib odbccp32.lib /MANIFEST /MANIFESTUAC:"level='asInvoker' uiAccess='false'" /manifest:embed /DEBUG /PDB:"C:\Users\Zhengyi Luo\Documents\Visual Studio 2013\Projects\Chapter6\Debug\Chapter6.pdb" /TLBID:1 /DYNAMICBASE /NXCOMPAT /IMPLIB:"C:\Users\Zhengyi Luo\Documents\Visual Studio 2013\Projects\Chapter6\Debug\Chapter6.lib" /MACHINE:X86 Debug\P1.obj
         Debug\P2.obj
         Chapter6.vcxproj -> C:\Users\Zhengyi Luo\Documents\Visual Studio 2013\Projects\Chapter6\Debug\Chapter6.exe
     1>Done Building Project "C:\Users\Zhengyi Luo\Documents\Visual Studio 2013\Projects\Chapter6\Chapter6\Chapter6.vcxproj" (Build target(s)).

Build succeeded.

Time Elapsed 00:00:00.73
